<?xml version="1.0" encoding="UTF-8" ?>
<testsuite errors="1" failures="0" name="Commands.CalculatorTest" tests="1" time="0.0">
  <properties>
    <property name="java.vendor" value="Sun Microsystems Inc." />
    <property name="sun.java.launcher" value="SUN_STANDARD" />
    <property name="sun.management.compiler" value="HotSpot Tiered Compilers" />
    <property name="os.name" value="SunOS" />
    <property name="java" value="java" />
    <property name="sun.boot.class.path" value="/usr/jdk/instances/jdk1.6.0/jre/lib/resources.jar:/usr/jdk/instances/jdk1.6.0/jre/lib/rt.jar:/usr/jdk/instances/jdk1.6.0/jre/lib/sunrsasign.jar:/usr/jdk/instances/jdk1.6.0/jre/lib/jsse.jar:/usr/jdk/instances/jdk1.6.0/jre/lib/jce.jar:/usr/jdk/instances/jdk1.6.0/jre/lib/charsets.jar:/usr/jdk/instances/jdk1.6.0/jre/lib/modules/jdk.boot.jar:/usr/jdk/instances/jdk1.6.0/jre/classes" />
    <property name="java.vm.specification.vendor" value="Sun Microsystems Inc." />
    <property name="ant.home" value="/usr/sfw" />
    <property name="java.runtime.version" value="1.6.0_181-b10" />
    <property name="servername" value="helios.se.ifmo.ru" />
    <property name="user.name" value="s285683" />
    <property name="dstDir" value="/home/s285683/apache/" />
    <property name="api" value="\home\s285683\apache\lib\junit-jupiter-api-5.8.0-M1.jar" />
    <property name="user.language" value="ru" />
    <property name="sun.boot.library.path" value="/usr/jdk/instances/jdk1.6.0/jre/lib/i386" />
    <property name="ant.project.default-target" value="test" />
    <property name="srcDir" value="/home/s285683/apache/src" />
    <property name="ant.project.name" value="Cim" />
    <property name="local_policy" value="\home\s285683\apache\lib\local_policy.jar" />
    <property name="java.version" value="1.6.0_181" />
    <property name="version" value="0.1" />
    <property name="user.timezone" value="" />
    <property name="sun.arch.data.model" value="32" />
    <property name="serverdir" value="/home/s285683/" />
    <property name="java.endorsed.dirs" value="/usr/jdk/instances/jdk1.6.0/jre/lib/endorsed" />
    <property name="sun.cpu.isalist" value="" />
    <property name="sun.jnu.encoding" value="UTF-8" />
    <property name="file.encoding.pkg" value="sun.io" />
    <property name="file.separator" value="/" />
    <property name="java.specification.name" value="Java Platform API Specification" />
    <property name="java.class.version" value="50.0" />
    <property name="user.country" value="RU" />
    <property name="junit.path" value="/home/s285683/apache/lib/hamcrest-2.2.jar:/home/s285683/apache/lib/junit-4.13.2.jar:/home/s285683/apache/${baseDir}:/home/s285683/apache/Test_class" />
    <property name="java.home" value="/usr/jdk/instances/jdk1.6.0/jre" />
    <property name="export_policy" value="\home\s285683\apache\lib\US_export_policy.jar" />
    <property name="java.vm.info" value="mixed mode" />
    <property name="ant.file" value="/home/s285683/apache/build.xml" />
    <property name="os.version" value="5.10" />
    <property name="ham" value="\home\s285683\apache\lib\hamcrest-2.2.jar" />
    <property name="path.separator" value=":" />
    <property name="java.vm.version" value="20.181-b10" />
    <property name="ant.library.dir" value="/usr/sfw/lib/ant" />
    <property name="java.awt.printerjob" value="sun.print.PSPrinterJob" />
    <property name="sun.io.unicode.encoding" value="UnicodeBig" />
    <property name="jsch" value="\home\s285683\apache\lib\jsch-0.1.55.jar" />
    <property name="user.home" value="/home/s285683" />
    <property name="java.specification.vendor" value="Sun Microsystems Inc." />
    <property name="java.library.path" value="/usr/jdk/instances/jdk1.6.0/jre/lib/i386/server:/usr/jdk/instances/jdk1.6.0/jre/lib/i386:/usr/jdk/instances/jdk1.6.0/jre/../lib/i386:/usr/jdk/packages/lib/i386:/lib:/usr/lib" />
    <property name="java.vendor.url" value="http://java.sun.com/" />
    <property name="java.vm.vendor" value="Sun Microsystems Inc." />
    <property name="java.runtime.name" value="Java(TM) SE Runtime Environment" />
    <property name="sun.java.command" value="org.apache.tools.ant.launch.Launcher -cp " />
    <property name="java.class.path" value="/usr/sfw/lib/ant/ant-launcher.jar:/home/s285683/.ant/lib/ant-junit-1.6.5.jar:/home/s285683/.ant/lib/hamcrest-all-1.3.jar:/home/s285683/.ant/lib/jsch-0.1.55.jar:/home/s285683/.ant/lib/ant-jsch-1.8.1.jar:/home/s285683/.ant/lib/junit-jupiter-5.7.2.jar:/home/s285683/.ant/lib/junit-4.13.2.jar:/usr/sfw/lib/ant/ant-netrexx.jar:/usr/sfw/lib/ant/ant-apache-oro.jar:/usr/sfw/lib/ant/ant-commons-net.jar:/usr/sfw/lib/ant/ant-jai.jar:/usr/sfw/lib/ant/ant-bootstrap.jar:/usr/sfw/lib/ant/ant-swing.jar:/usr/sfw/lib/ant/ant-apache-log4j.jar:/usr/sfw/lib/ant/ant-apache-bsf.jar:/usr/sfw/lib/ant/ant-junit4.jar:/usr/sfw/lib/ant/ant-commons-logging.jar:/usr/sfw/lib/ant/ant-jmf.jar:/usr/sfw/lib/ant/ant-junit.jar:/usr/sfw/lib/ant/ant-antlr.jar:/usr/sfw/lib/ant/ant-javamail.jar:/usr/sfw/lib/ant/ant.jar:/usr/sfw/lib/ant/ant-apache-xalan2.jar:/usr/sfw/lib/ant/ant-jsch.jar:/usr/sfw/lib/ant/ant-jdepend.jar:/usr/sfw/lib/ant/ant-apache-bcel.jar:/usr/sfw/lib/ant/ant-launcher.jar:/usr/sfw/lib/ant/ant-apache-resolver.jar:/usr/sfw/lib/ant/ant-apache-regexp.jar:/usr/jdk/instances/jdk1.6.0/lib/tools.jar" />
    <property name="ant.version" value="Apache Ant(TM) version 1.8.4 compiled on March 13 2013" />
    <property name="ant.file.Cim" value="/home/s285683/apache/build.xml" />
    <property name="login" value="s285683" />
    <property name="java.vm.specification.name" value="Java Virtual Machine Specification" />
    <property name="ant.file.type" value="file" />
    <property name="java.vm.specification.version" value="1.0" />
    <property name="sun.cpu.endian" value="little" />
    <property name="sun.os.patch.level" value="unknown" />
    <property name="java.io.tmpdir" value="/var/tmp/" />
    <property name="java.vendor.url.bug" value="http://java.sun.com/cgi-bin/bugreport.cgi" />
    <property name="compile.successful" value="true" />
    <property name="os.arch" value="x86" />
    <property name="java.awt.graphicsenv" value="sun.awt.X11GraphicsEnvironment" />
    <property name="java.ext.dirs" value="/usr/jdk/instances/jdk1.6.0/jre/lib/ext:/usr/jdk/packages/lib/ext" />
    <property name="user.dir" value="/home/s285683/apache" />
    <property name="password" value="mmp071" />
    <property name="line.separator" value="&#xa;" />
    <property name="java.vm.name" value="Java HotSpot(TM) Server VM" />
    <property name="serverport" value="2222" />
    <property name="basedir" value="/home/s285683/apache" />
    <property name="baseDir" value="/home/s285683/apache/baseNdrum" />
    <property name="ant.java.version" value="1.6" />
    <property name="ant.core.lib" value="/usr/sfw/lib/ant/ant.jar" />
    <property name="file.encoding" value="UTF-8" />
    <property name="java.specification.version" value="1.6" />
    <property name="ant.project.invoked-targets" value="test" />
    <property name="junit" value="\home\s285683\apache\lib\junit-4.13.2.jar" />
    <property name="ant.file.type.Cim" value="file" />
  </properties>
  <error message="Commands.CalculatorTest" type="java.lang.ClassNotFoundException">java.lang.ClassNotFoundException: Commands.CalculatorTest
	at java.net.URLClassLoader$1.run(URLClassLoader.java:223)
	at java.security.AccessController.doPrivileged(Native Method)
	at java.net.URLClassLoader.findClass(URLClassLoader.java:211)
	at java.lang.ClassLoader.loadClass(ClassLoader.java:306)
	at java.lang.ClassLoader.loadClass(ClassLoader.java:247)
	at java.lang.ClassLoader.loadClass(ClassLoader.java:247)
	at java.lang.Class.forName0(Native Method)
	at java.lang.Class.forName(Class.java:252)
</error>
  <system-out><![CDATA[]]></system-out>
  <system-err><![CDATA[]]></system-err>
</testsuite>
